# JRE version: OpenJDK Runtime Environment (11.0.13) (build 11.0.13+0-b1751.21-8125866)
# Java VM: OpenJDK 64-Bit Server VM (11.0.13+0-b1751.21-8125866, mixed mode, tiered, compressed oops, g1 gc, windows-amd64)
Heap:
 garbage-first heap   total 312320K, used 189324K [0x0000000080000000, 0x0000000100000000)
  region size 1024K, 13 young (13312K), 4 survivors (4096K)
 Metaspace       used 135964K, capacity 139037K, committed 139516K, reserved 1171456K
  class space    used 16523K, capacity 17661K, committed 17740K, reserved 1048576K
GC Heap History (20 events):
Event: 5180.392 GC heap before
{Heap before GC invocations=69 (full 0):
 garbage-first heap   total 260096K, used 211598K [0x0000000080000000, 0x0000000100000000)
  region size 1024K, 12 young (12288K), 1 survivors (1024K)
 Metaspace       used 131412K, capacity 134510K, committed 135164K, reserved 1167360K
  class space    used 16181K, capacity 17350K, committed 17484K, reserved 1048576K
}
Event: 5180.407 GC heap after
{Heap after GC invocations=70 (full 0):
 garbage-first heap   total 260096K, used 201642K [0x0000000080000000, 0x0000000100000000)
  region size 1024K, 2 young (2048K), 2 survivors (2048K)
 Metaspace       used 131412K, capacity 134510K, committed 135164K, reserved 1167360K
  class space    used 16181K, capacity 17350K, committed 17484K, reserved 1048576K
}
Event: 5182.374 GC heap before
{Heap before GC invocations=70 (full 0):
 garbage-first heap   total 260096K, used 211882K [0x0000000080000000, 0x0000000100000000)
  region size 1024K, 12 young (12288K), 2 survivors (2048K)
 Metaspace       used 131514K, capacity 134638K, committed 135164K, reserved 1167360K
  class space    used 16189K, capacity 17350K, committed 17484K, reserved 1048576K
}
Event: 5182.396 GC heap after
{Heap after GC invocations=71 (full 0):
 garbage-first heap   total 260096K, used 202227K [0x0000000080000000, 0x0000000100000000)
  region size 1024K, 2 young (2048K), 2 survivors (2048K)
 Metaspace       used 131514K, capacity 134638K, committed 135164K, reserved 1167360K
  class space    used 16189K, capacity 17350K, committed 17484K, reserved 1048576K
}
Event: 5182.612 GC heap before
{Heap before GC invocations=71 (full 0):
 garbage-first heap   total 260096K, used 205299K [0x0000000080000000, 0x0000000100000000)
  region size 1024K, 7 young (7168K), 2 survivors (2048K)
 Metaspace       used 131518K, capacity 134638K, committed 135164K, reserved 1167360K
  class space    used 16189K, capacity 17350K, committed 17484K, reserved 1048576K
}
Event: 5182.629 GC heap after
{Heap after GC invocations=72 (full 0):
 garbage-first heap   total 260096K, used 205515K [0x0000000080000000, 0x0000000100000000)
  region size 1024K, 3 young (3072K), 3 survivors (3072K)
 Metaspace       used 131518K, capacity 134638K, committed 135164K, reserved 1167360K
  class space    used 16189K, capacity 17350K, committed 17484K, reserved 1048576K
}
Event: 5183.713 GC heap before
{Heap before GC invocations=72 (full 0):
 garbage-first heap   total 260096K, used 234187K [0x0000000080000000, 0x0000000100000000)
  region size 1024K, 17 young (17408K), 3 survivors (3072K)
 Metaspace       used 131774K, capacity 134890K, committed 135420K, reserved 1167360K
  class space    used 16208K, capacity 17361K, committed 17484K, reserved 1048576K
}
Event: 5183.733 GC heap after
{Heap after GC invocations=73 (full 0):
 garbage-first heap   total 260096K, used 207709K [0x0000000080000000, 0x0000000100000000)
  region size 1024K, 3 young (3072K), 3 survivors (3072K)
 Metaspace       used 131774K, capacity 134890K, committed 135420K, reserved 1167360K
  class space    used 16208K, capacity 17361K, committed 17484K, reserved 1048576K
}
Event: 5184.052 GC heap before
{Heap before GC invocations=74 (full 0):
 garbage-first heap   total 260096K, used 221021K [0x0000000080000000, 0x0000000100000000)
  region size 1024K, 16 young (16384K), 3 survivors (3072K)
 Metaspace       used 132024K, capacity 135187K, committed 135676K, reserved 1167360K
  class space    used 16226K, capacity 17395K, committed 17484K, reserved 1048576K
}
Event: 5184.077 GC heap after
{Heap after GC invocations=75 (full 0):
 garbage-first heap   total 260096K, used 210599K [0x0000000080000000, 0x0000000100000000)
  region size 1024K, 2 young (2048K), 2 survivors (2048K)
 Metaspace       used 132024K, capacity 135187K, committed 135676K, reserved 1167360K
  class space    used 16226K, capacity 17395K, committed 17484K, reserved 1048576K
}
Event: 5184.470 GC heap before
{Heap before GC invocations=75 (full 0):
 garbage-first heap   total 260096K, used 220839K [0x0000000080000000, 0x0000000100000000)
  region size 1024K, 12 young (12288K), 2 survivors (2048K)
 Metaspace       used 132164K, capacity 135254K, committed 135676K, reserved 1167360K
  class space    used 16240K, capacity 17396K, committed 17484K, reserved 1048576K
}
Event: 5184.485 GC heap after
{Heap after GC invocations=76 (full 0):
 garbage-first heap   total 260096K, used 213122K [0x0000000080000000, 0x0000000100000000)
  region size 1024K, 2 young (2048K), 2 survivors (2048K)
 Metaspace       used 132164K, capacity 135254K, committed 135676K, reserved 1167360K
  class space    used 16240K, capacity 17396K, committed 17484K, reserved 1048576K
}
Event: 5185.977 GC heap before
{Heap before GC invocations=76 (full 0):
 garbage-first heap   total 260096K, used 223362K [0x0000000080000000, 0x0000000100000000)
  region size 1024K, 13 young (13312K), 2 survivors (2048K)
 Metaspace       used 133869K, capacity 137008K, committed 137596K, reserved 1169408K
  class space    used 16375K, capacity 17524K, committed 17612K, reserved 1048576K
}
Event: 5186.001 GC heap after
{Heap after GC invocations=77 (full 0):
 garbage-first heap   total 260096K, used 214939K [0x0000000080000000, 0x0000000100000000)
  region size 1024K, 2 young (2048K), 2 survivors (2048K)
 Metaspace       used 133869K, capacity 137008K, committed 137596K, reserved 1169408K
  class space    used 16375K, capacity 17524K, committed 17612K, reserved 1048576K
}
Event: 5187.277 GC heap before
{Heap before GC invocations=78 (full 0):
 garbage-first heap   total 260096K, used 208795K [0x0000000080000000, 0x0000000100000000)
  region size 1024K, 12 young (12288K), 2 survivors (2048K)
 Metaspace       used 134839K, capacity 137965K, committed 138492K, reserved 1169408K
  class space    used 16459K, capacity 17626K, committed 17740K, reserved 1048576K
}
Event: 5187.300 GC heap after
{Heap after GC invocations=79 (full 0):
 garbage-first heap   total 312320K, used 200372K [0x0000000080000000, 0x0000000100000000)
  region size 1024K, 2 young (2048K), 2 survivors (2048K)
 Metaspace       used 134839K, capacity 137965K, committed 138492K, reserved 1169408K
  class space    used 16459K, capacity 17626K, committed 17740K, reserved 1048576K
}
Event: 5188.193 GC heap before
{Heap before GC invocations=79 (full 0):
 garbage-first heap   total 312320K, used 212660K [0x0000000080000000, 0x0000000100000000)
  region size 1024K, 15 young (15360K), 2 survivors (2048K)
 Metaspace       used 135210K, capacity 138297K, committed 138748K, reserved 1171456K
  class space    used 16479K, capacity 17628K, committed 17740K, reserved 1048576K
}
Event: 5188.222 GC heap after
{Heap after GC invocations=80 (full 0):
 garbage-first heap   total 312320K, used 180178K [0x0000000080000000, 0x0000000100000000)
  region size 1024K, 2 young (2048K), 2 survivors (2048K)
 Metaspace       used 135210K, capacity 138297K, committed 138748K, reserved 1171456K
  class space    used 16479K, capacity 17628K, committed 17740K, reserved 1048576K
}
Event: 5189.916 GC heap before
{Heap before GC invocations=80 (full 0):
 garbage-first heap   total 312320K, used 224210K [0x0000000080000000, 0x0000000100000000)
  region size 1024K, 46 young (47104K), 2 survivors (2048K)
 Metaspace       used 135948K, capacity 139037K, committed 139516K, reserved 1171456K
  class space    used 16523K, capacity 17661K, committed 17740K, reserved 1048576K
}
Event: 5189.944 GC heap after
{Heap after GC invocations=81 (full 0):
 garbage-first heap   total 312320K, used 182156K [0x0000000080000000, 0x0000000100000000)
  region size 1024K, 4 young (4096K), 4 survivors (4096K)
 Metaspace       used 135948K, capacity 139037K, committed 139516K, reserved 1171456K
  class space    used 16523K, capacity 17661K, committed 17740K, reserved 1048576K
}

