# JRE version: OpenJDK Runtime Environment (11.0.13) (build 11.0.13+0-b1751.21-8125866)
# Java VM: OpenJDK 64-Bit Server VM (11.0.13+0-b1751.21-8125866, mixed mode, tiered, compressed oops, g1 gc, windows-amd64)
Heap:
 garbage-first heap   total 260096K, used 102366K [0x0000000080000000, 0x0000000100000000)
  region size 1024K, 66 young (67584K), 16 survivors (16384K)
 Metaspace       used 66206K, capacity 67685K, committed 67792K, reserved 1107968K
  class space    used 8364K, capacity 8964K, committed 8992K, reserved 1048576K
GC Heap History (16 events):
Event: 3.464 GC heap before
{Heap before GC invocations=0 (full 0):
 garbage-first heap   total 260096K, used 29696K [0x0000000080000000, 0x0000000100000000)
  region size 1024K, 24 young (24576K), 0 survivors (0K)
 Metaspace       used 9729K, capacity 9892K, committed 10112K, reserved 1058816K
  class space    used 992K, capacity 1069K, committed 1152K, reserved 1048576K
}
Event: 3.480 GC heap after
{Heap after GC invocations=1 (full 0):
 garbage-first heap   total 260096K, used 9052K [0x0000000080000000, 0x0000000100000000)
  region size 1024K, 3 young (3072K), 3 survivors (3072K)
 Metaspace       used 9729K, capacity 9892K, committed 10112K, reserved 1058816K
  class space    used 992K, capacity 1069K, committed 1152K, reserved 1048576K
}
Event: 11.667 GC heap before
{Heap before GC invocations=1 (full 0):
 garbage-first heap   total 260096K, used 115548K [0x0000000080000000, 0x0000000100000000)
  region size 1024K, 108 young (110592K), 3 survivors (3072K)
 Metaspace       used 20763K, capacity 21187K, committed 21296K, reserved 1069056K
  class space    used 2522K, capacity 2685K, committed 2688K, reserved 1048576K
}
Event: 11.703 GC heap after
{Heap after GC invocations=2 (full 0):
 garbage-first heap   total 260096K, used 16922K [0x0000000080000000, 0x0000000100000000)
  region size 1024K, 11 young (11264K), 11 survivors (11264K)
 Metaspace       used 20763K, capacity 21187K, committed 21296K, reserved 1069056K
  class space    used 2522K, capacity 2685K, committed 2688K, reserved 1048576K
}
Event: 12.151 GC heap before
{Heap before GC invocations=3 (full 0):
 garbage-first heap   total 260096K, used 26138K [0x0000000080000000, 0x0000000100000000)
  region size 1024K, 20 young (20480K), 11 survivors (11264K)
 Metaspace       used 22061K, capacity 22552K, committed 22908K, reserved 1069056K
  class space    used 2739K, capacity 2933K, committed 3020K, reserved 1048576K
}
Event: 12.171 GC heap after
{Heap after GC invocations=4 (full 0):
 garbage-first heap   total 260096K, used 17913K [0x0000000080000000, 0x0000000100000000)
  region size 1024K, 1 young (1024K), 1 survivors (1024K)
 Metaspace       used 22061K, capacity 22552K, committed 22908K, reserved 1069056K
  class space    used 2739K, capacity 2933K, committed 3020K, reserved 1048576K
}
Event: 15.558 GC heap before
{Heap before GC invocations=4 (full 0):
 garbage-first heap   total 260096K, used 88569K [0x0000000080000000, 0x0000000100000000)
  region size 1024K, 70 young (71680K), 1 survivors (1024K)
 Metaspace       used 28863K, capacity 29552K, committed 29692K, reserved 1075200K
  class space    used 3802K, capacity 4083K, committed 4172K, reserved 1048576K
}
Event: 15.572 GC heap after
{Heap after GC invocations=5 (full 0):
 garbage-first heap   total 260096K, used 19741K [0x0000000080000000, 0x0000000100000000)
  region size 1024K, 3 young (3072K), 3 survivors (3072K)
 Metaspace       used 28863K, capacity 29552K, committed 29692K, reserved 1075200K
  class space    used 3802K, capacity 4083K, committed 4172K, reserved 1048576K
}
Event: 19.632 GC heap before
{Heap before GC invocations=5 (full 0):
 garbage-first heap   total 260096K, used 57629K [0x0000000080000000, 0x0000000100000000)
  region size 1024K, 41 young (41984K), 3 survivors (3072K)
 Metaspace       used 35157K, capacity 35927K, committed 36048K, reserved 1081344K
  class space    used 4525K, capacity 4825K, committed 4896K, reserved 1048576K
}
Event: 19.675 GC heap after
{Heap after GC invocations=6 (full 0):
 garbage-first heap   total 260096K, used 22221K [0x0000000080000000, 0x0000000100000000)
  region size 1024K, 6 young (6144K), 6 survivors (6144K)
 Metaspace       used 35157K, capacity 35927K, committed 36048K, reserved 1081344K
  class space    used 4525K, capacity 4825K, committed 4896K, reserved 1048576K
}
Event: 26.243 GC heap before
{Heap before GC invocations=7 (full 0):
 garbage-first heap   total 260096K, used 125645K [0x0000000080000000, 0x0000000100000000)
  region size 1024K, 104 young (106496K), 6 survivors (6144K)
 Metaspace       used 44438K, capacity 45452K, committed 45648K, reserved 1089536K
  class space    used 5617K, capacity 6026K, committed 6048K, reserved 1048576K
}
Event: 26.271 GC heap after
{Heap after GC invocations=8 (full 0):
 garbage-first heap   total 260096K, used 28665K [0x0000000080000000, 0x0000000100000000)
  region size 1024K, 12 young (12288K), 12 survivors (12288K)
 Metaspace       used 44438K, capacity 45452K, committed 45648K, reserved 1089536K
  class space    used 5617K, capacity 6026K, committed 6048K, reserved 1048576K
}
Event: 34.004 GC heap before
{Heap before GC invocations=8 (full 0):
 garbage-first heap   total 260096K, used 144377K [0x0000000080000000, 0x0000000100000000)
  region size 1024K, 125 young (128000K), 12 survivors (12288K)
 Metaspace       used 55440K, capacity 56771K, committed 56912K, reserved 1099776K
  class space    used 7030K, capacity 7547K, committed 7584K, reserved 1048576K
}
Event: 34.057 GC heap after
{Heap after GC invocations=9 (full 0):
 garbage-first heap   total 260096K, used 34638K [0x0000000080000000, 0x0000000100000000)
  region size 1024K, 13 young (13312K), 13 survivors (13312K)
 Metaspace       used 55440K, capacity 56771K, committed 56912K, reserved 1099776K
  class space    used 7030K, capacity 7547K, committed 7584K, reserved 1048576K
}
Event: 39.416 GC heap before
{Heap before GC invocations=9 (full 0):
 garbage-first heap   total 260096K, used 114510K [0x0000000080000000, 0x0000000100000000)
  region size 1024K, 84 young (86016K), 13 survivors (13312K)
 Metaspace       used 59004K, capacity 60377K, committed 60496K, reserved 1101824K
  class space    used 7460K, capacity 8006K, committed 8096K, reserved 1048576K
}
Event: 39.500 GC heap after
{Heap after GC invocations=10 (full 0):
 garbage-first heap   total 260096K, used 52190K [0x0000000080000000, 0x0000000100000000)
  region size 1024K, 16 young (16384K), 16 survivors (16384K)
 Metaspace       used 59004K, capacity 60377K, committed 60496K, reserved 1101824K
  class space    used 7460K, capacity 8006K, committed 8096K, reserved 1048576K
}

